<?xml version="1.0" encoding="UTF-8"?>
<!-- Generated by org.testng.reporters.JUnitXMLReporter -->
<testsuite ignored="0" hostname="docker-desktop" failures="1" tests="1" name="Test" time="21.32" errors="0" timestamp="2024-07-13T09:25:21 UTC">
  <testcase classname="com.qa.test.testcases.TicketBookingTest" name="test" time="20.376">
    <failure type="java.lang.Exception" message="Element not visible in the page with locator: //div[contains(text(),&amp;apos;Our seat sections&amp;apos;)] Type used:XPATH">
      <![CDATA[java.lang.Exception: Element not visible in the page with locator: //div[contains(text(),'Our seat sections')] Type used:XPATH
at com.qa.test.core.BrowserInteractions.getElement(BrowserInteractions.java:59)
at com.qa.test.core.BrowserInteractions.getText(BrowserInteractions.java:96)
at com.qa.test.pages.SearchPage.chooseFlight(SearchPage.java:48)
at com.qa.test.testcases.TicketBookingTest.test(TicketBookingTest.java:34)
at java.base/java.util.ArrayList.forEach(ArrayList.java:1541)
... Removed 31 stack frames]]>
    </failure>
  </testcase> <!-- test -->
</testsuite> <!-- Test -->
